<?xml version="1.0" encoding="UTF-8"?>
<testsuite xmlns:xsi="http://www.w3.org/2001/XMLSchema-instance" xsi:noNamespaceSchemaLocation="https://maven.apache.org/surefire/maven-surefire-plugin/xsd/surefire-test-report.xsd" name="org.example.AppTest" time="0.026" tests="1" errors="0" skipped="0" failures="0">
  <properties>
    <property name="sun.desktop" value="windows"/>
    <property name="awt.toolkit" value="sun.awt.windows.WToolkit"/>
    <property name="file.encoding.pkg" value="sun.io"/>
    <property name="java.specification.version" value="1.8"/>
    <property name="sun.cpu.isalist" value="amd64"/>
    <property name="sun.jnu.encoding" value="GBK"/>
    <property name="java.class.path" value="E:\code\book_practice\bigdata_hiveOfflineCalcDevInPractice\PacageTest\target\test-classes;E:\code\book_practice\bigdata_hiveOfflineCalcDevInPractice\PacageTest\target\classes;D:\maven\LocalWarehouse\junit\junit\4.11\junit-4.11.jar;D:\maven\LocalWarehouse\org\hamcrest\hamcrest-core\1.3\hamcrest-core-1.3.jar;D:\maven\LocalWarehouse\commons-io\commons-io\2.6\commons-io-2.6.jar;D:\maven\LocalWarehouse\net\sf\json-lib\json-lib\2.4\json-lib-2.4-jdk15.jar;D:\maven\LocalWarehouse\commons-beanutils\commons-beanutils\1.8.0\commons-beanutils-1.8.0.jar;D:\maven\LocalWarehouse\commons-collections\commons-collections\3.2.1\commons-collections-3.2.1.jar;D:\maven\LocalWarehouse\commons-lang\commons-lang\2.5\commons-lang-2.5.jar;D:\maven\LocalWarehouse\commons-logging\commons-logging\1.1.1\commons-logging-1.1.1.jar;D:\maven\LocalWarehouse\net\sf\ezmorph\ezmorph\1.0.6\ezmorph-1.0.6.jar;"/>
    <property name="java.vm.vendor" value="Oracle Corporation"/>
    <property name="sun.arch.data.model" value="64"/>
    <property name="user.variant" value=""/>
    <property name="java.vendor.url" value="http://java.oracle.com/"/>
    <property name="user.timezone" value="Asia/Shanghai"/>
    <property name="java.vm.specification.version" value="1.8"/>
    <property name="os.name" value="Windows 10"/>
    <property name="user.country" value="CN"/>
    <property name="sun.java.launcher" value="SUN_STANDARD"/>
    <property name="sun.boot.library.path" value="C:\Program Files\Java\jdk1.8.0_191\jre\bin"/>
    <property name="sun.java.command" value="C:\Users\xjr76\AppData\Local\Temp\surefire619361968068249927\surefirebooter4881821389166595232.jar C:\Users\xjr76\AppData\Local\Temp\surefire619361968068249927 2020-09-07T21-07-07_899-jvmRun1 surefire6186277811901433743tmp surefire_0962926066176864380tmp"/>
    <property name="surefire.test.class.path" value="E:\code\book_practice\bigdata_hiveOfflineCalcDevInPractice\PacageTest\target\test-classes;E:\code\book_practice\bigdata_hiveOfflineCalcDevInPractice\PacageTest\target\classes;D:\maven\LocalWarehouse\junit\junit\4.11\junit-4.11.jar;D:\maven\LocalWarehouse\org\hamcrest\hamcrest-core\1.3\hamcrest-core-1.3.jar;D:\maven\LocalWarehouse\commons-io\commons-io\2.6\commons-io-2.6.jar;D:\maven\LocalWarehouse\net\sf\json-lib\json-lib\2.4\json-lib-2.4-jdk15.jar;D:\maven\LocalWarehouse\commons-beanutils\commons-beanutils\1.8.0\commons-beanutils-1.8.0.jar;D:\maven\LocalWarehouse\commons-collections\commons-collections\3.2.1\commons-collections-3.2.1.jar;D:\maven\LocalWarehouse\commons-lang\commons-lang\2.5\commons-lang-2.5.jar;D:\maven\LocalWarehouse\commons-logging\commons-logging\1.1.1\commons-logging-1.1.1.jar;D:\maven\LocalWarehouse\net\sf\ezmorph\ezmorph\1.0.6\ezmorph-1.0.6.jar;"/>
    <property name="sun.cpu.endian" value="little"/>
    <property name="user.home" value="C:\Users\xjr76"/>
    <property name="user.language" value="zh"/>
    <property name="java.specification.vendor" value="Oracle Corporation"/>
    <property name="java.home" value="C:\Program Files\Java\jdk1.8.0_191\jre"/>
    <property name="basedir" value="E:\code\book_practice\bigdata_hiveOfflineCalcDevInPractice\PacageTest"/>
    <property name="file.separator" value="\"/>
    <property name="line.separator" value="&#10;"/>
    <property name="java.vm.specification.vendor" value="Oracle Corporation"/>
    <property name="java.specification.name" value="Java Platform API Specification"/>
    <property name="java.awt.graphicsenv" value="sun.awt.Win32GraphicsEnvironment"/>
    <property name="surefire.real.class.path" value="C:\Users\xjr76\AppData\Local\Temp\surefire619361968068249927\surefirebooter4881821389166595232.jar"/>
    <property name="sun.boot.class.path" value="C:\Program Files\Java\jdk1.8.0_191\jre\lib\resources.jar;C:\Program Files\Java\jdk1.8.0_191\jre\lib\rt.jar;C:\Program Files\Java\jdk1.8.0_191\jre\lib\sunrsasign.jar;C:\Program Files\Java\jdk1.8.0_191\jre\lib\jsse.jar;C:\Program Files\Java\jdk1.8.0_191\jre\lib\jce.jar;C:\Program Files\Java\jdk1.8.0_191\jre\lib\charsets.jar;C:\Program Files\Java\jdk1.8.0_191\jre\lib\jfr.jar;C:\Program Files\Java\jdk1.8.0_191\jre\classes"/>
    <property name="user.script" value=""/>
    <property name="sun.management.compiler" value="HotSpot 64-Bit Tiered Compilers"/>
    <property name="java.runtime.version" value="1.8.0_191-b12"/>
    <property name="user.name" value="xjr76"/>
    <property name="path.separator" value=";"/>
    <property name="os.version" value="10.0"/>
    <property name="java.endorsed.dirs" value="C:\Program Files\Java\jdk1.8.0_191\jre\lib\endorsed"/>
    <property name="java.runtime.name" value="Java(TM) SE Runtime Environment"/>
    <property name="file.encoding" value="GBK"/>
    <property name="java.vm.name" value="Java HotSpot(TM) 64-Bit Server VM"/>
    <property name="idea.version2020.1" value="true"/>
    <property name="localRepository" value="D:\maven\LocalWarehouse"/>
    <property name="java.vendor.url.bug" value="http://bugreport.sun.com/bugreport/"/>
    <property name="java.io.tmpdir" value="C:\Users\xjr76\AppData\Local\Temp\"/>
    <property name="java.version" value="1.8.0_191"/>
    <property name="user.dir" value="E:\code\book_practice\bigdata_hiveOfflineCalcDevInPractice\PacageTest"/>
    <property name="os.arch" value="amd64"/>
    <property name="java.vm.specification.name" value="Java Virtual Machine Specification"/>
    <property name="java.awt.printerjob" value="sun.awt.windows.WPrinterJob"/>
    <property name="sun.os.patch.level" value=""/>
    <property name="java.library.path" value="C:\Program Files\Java\jdk1.8.0_191\jre\bin;C:\WINDOWS\Sun\Java\bin;C:\WINDOWS\system32;C:\WINDOWS;C:\Program Files (x86)\Common Files\Oracle\Java\javapath;C:\Program Files (x86)\Intel\Intel(R) Management Engine Components\iCLS\;C:\Program Files\Intel\Intel(R) Management Engine Components\iCLS\;C:\Windows\system32;C:\Windows;C:\Windows\System32\Wbem;C:\Windows\System32\WindowsPowerShell\v1.0\;C:\Windows\System32\OpenSSH\;C:\Program Files (x86)\Intel\Intel(R) Management Engine Components\DAL;C:\Program Files\Intel\Intel(R) Management Engine Components\DAL;C:\Program Files (x86)\Intel\Intel(R) Management Engine Components\IPT;C:\Program Files\Intel\Intel(R) Management Engine Components\IPT;C:\Program Files (x86)\NVIDIA Corporation\PhysX\Common;C:\Program Files (x86)\Dev-Cpp\MinGW64\bin;C:\anaconda3;C:\anaconda3\Scripts;D:\ProgramFiles\nodejs\;C:\Program Files\Git\cmd;C:\Program Files\Java\jdk1.8.0_191\bin;D:\ProgramFiles\odpscmd_public\bin;C:\WINDOWS\system32;C:\WINDOWS;C:\WINDOWS\System32\Wbem;C:\WINDOWS\System32\WindowsPowerShell\v1.0\;C:\WINDOWS\System32\OpenSSH\;C:\Progra~1\Java\jdk1.8.0_191\bin;C:\Progra~1\Java\jdk1.8.0_191\jre\bin;D:\maven\apache-maven-3.6.0\bin;D:\ProgramFiles\Tesseract-OCR;C:\Program Files (x86)\Microsoft SQL Server\150\DTS\Binn\;C:\Program Files\Microsoft SQL Server\Client SDK\ODBC\130\Tools\Binn\;C:\Program Files (x86)\Microsoft SQL Server\140\Tools\Binn\;C:\Program Files\Microsoft SQL Server\140\Tools\Binn\;C:\Program Files\Microsoft SQL Server\140\DTS\Binn\;C:\Program Files (x86)\scala\bin;C:\Program Files (x86)\sbt\bin;D:\ProgramFiles\hadoop\bin;D:\ProgramFiles\hadoop\sbin;C:\Program Files\dotnet\;C:\Users\xjr76\AppData\Local\Microsoft\WindowsApps;C:\Users\xjr76\Ubuntu;C:\Users\xjr76\AppData\Roaming\npm;C:\Users\xjr76\AppData\Local\Microsoft\WindowsApps;D:\ProgramFiles\mongodb-shell\bin;;D:\ProgramFiles\Microsoft VS Code\bin;C:\Users\xjr76\.dotnet\tools;."/>
    <property name="java.vm.info" value="mixed mode"/>
    <property name="java.vendor" value="Oracle Corporation"/>
    <property name="java.vm.version" value="25.191-b12"/>
    <property name="java.ext.dirs" value="C:\Program Files\Java\jdk1.8.0_191\jre\lib\ext;C:\WINDOWS\Sun\Java\lib\ext"/>
    <property name="sun.io.unicode.encoding" value="UnicodeLittle"/>
    <property name="java.class.version" value="52.0"/>
  </properties>
  <testcase name="shouldAnswerWithTrue" classname="org.example.AppTest" time="0.001"/>
</testsuite>